Log file open, 05/27/18 21:34:15
LogWindows: Failed to load 'aqProf.dll' (GetLastError=126)
LogWindows: File 'aqProf.dll' does not exist
LogWindows: Failed to load 'VtuneApi.dll' (GetLastError=126)
LogWindows: File 'VtuneApi.dll' does not exist
LogWindows: Failed to load 'VtuneApi32e.dll' (GetLastError=126)
LogWindows: File 'VtuneApi32e.dll' does not exist
LogInit: Display: Running engine for game: DirtSim
LogPlatformFile: Not using cached read wrapper
LogInit: Display: RandInit(-1766552774) SRandInit(-1766552774).
LogInit: Read version file with build ID '3944462'
LogInit: Overriding engine version to CL 4033788, compatible CL 3944462
LogInit: Registered custom module enumerator with build ID '3944462'
LogTaskGraph: Started task graph with 5 named threads and 23 total threads with 3 sets of task threads.
LogStats: Stats thread started at 0.431799
LogD3D11RHI: Aftermath initialized
LogICUInternationalization: Display: ICU TimeZone Detection - Raw Offset: +1:00, Platform Override: ''
LogModuleManager: Display: Found up-to-date module file ../../../Engine/Plugins/Runtime/PhysXVehicles/Binaries/Win64/UE4Editor-PhysXVehicles.dll (API version 3944462).
LogModuleManager: Display: Found up-to-date module file ../../../Engine/Plugins/Runtime/PhysXVehicles/Binaries/Win64/UE4Editor-PhysXVehiclesEditor.dll (API version 3944462).
LogModuleManager: Display: Found up-to-date module file ../../../Engine/Plugins/Experimental/RawInput/Binaries/Win64/UE4Editor-RawInput.dll (API version 3944462).
LogModuleManager: Display: Found up-to-date module file ../../../Engine/Plugins/2D/Paper2D/Binaries/Win64/UE4Editor-Paper2D.dll (API version 3944462).
LogModuleManager: Display: Found up-to-date module file ../../../Engine/Plugins/2D/Paper2D/Binaries/Win64/UE4Editor-Paper2DEditor.dll (API version 3944462).
LogModuleManager: Display: Found up-to-date module file ../../../Engine/Plugins/2D/Paper2D/Binaries/Win64/UE4Editor-PaperSpriteSheetImporter.dll (API version 3944462).
LogModuleManager: Display: Found up-to-date module file ../../../Engine/Plugins/2D/Paper2D/Binaries/Win64/UE4Editor-PaperTiledImporter.dll (API version 3944462).
LogModuleManager: Display: Found up-to-date module file ../../../Engine/Plugins/2D/Paper2D/Binaries/Win64/UE4Editor-SmartSnapping.dll (API version 3944462).
LogModuleManager: Display: Found up-to-date module file ../../../Engine/Plugins/Blendables/LightPropagationVolume/Binaries/Win64/UE4Editor-LightPropagationVolumeRuntime.dll (API version 3944462).
LogModuleManager: Display: Found up-to-date module file ../../../Engine/Plugins/Blendables/LightPropagationVolume/Binaries/Win64/UE4Editor-LightPropagationVolumeEditor.dll (API version 3944462).
LogModuleManager: Display: Found up-to-date module file ../../../Engine/Plugins/Developer/CLionSourceCodeAccess/Binaries/Win64/UE4Editor-CLionSourceCodeAccess.dll (API version 3944462).
LogModuleManager: Display: Found up-to-date module file ../../../Engine/Plugins/Developer/GitSourceControl/Binaries/Win64/UE4Editor-GitSourceControl.dll (API version 3944462).
LogModuleManager: Display: Found up-to-date module file ../../../Engine/Plugins/Developer/PerforceSourceControl/Binaries/Win64/UE4Editor-PerforceSourceControl.dll (API version 3944462).
LogModuleManager: Display: Found up-to-date module file ../../../Engine/Plugins/Developer/SubversionSourceControl/Binaries/Win64/UE4Editor-SubversionSourceControl.dll (API version 3944462).
LogModuleManager: Display: Found up-to-date module file ../../../Engine/Plugins/Developer/UObjectPlugin/Binaries/Win64/UE4Editor-UObjectPlugin.dll (API version 3944462).
LogModuleManager: Display: Found up-to-date module file ../../../Engine/Plugins/Developer/VisualStudioCodeSourceCodeAccess/Binaries/Win64/UE4Editor-VisualStudioCodeSourceCodeAccess.dll (API version 3944462).
LogModuleManager: Display: Found up-to-date module file ../../../Engine/Plugins/Developer/VisualStudioSourceCodeAccess/Binaries/Win64/UE4Editor-VisualStudioSourceCodeAccess.dll (API version 3944462).
LogModuleManager: Display: Found up-to-date module file ../../../Engine/Plugins/Editor/AssetManagerEditor/Binaries/Win64/UE4Editor-AssetManagerEditor.dll (API version 3944462).
LogModuleManager: Display: Found up-to-date module file ../../../Engine/Plugins/Editor/CryptoKeys/Binaries/Win64/UE4Editor-CryptoKeys.dll (API version 3944462).
LogModuleManager: Display: Found up-to-date module file ../../../Engine/Plugins/Editor/CryptoKeys/Binaries/Win64/UE4Editor-CryptoKeysOpenSSL.dll (API version 3944462).
LogModuleManager: Display: Found up-to-date module file ../../../Engine/Plugins/Editor/DataValidation/Binaries/Win64/UE4Editor-DataValidation.dll (API version 3944462).
LogModuleManager: Display: Found up-to-date module file ../../../Engine/Plugins/Editor/FacialAnimation/Binaries/Win64/UE4Editor-FacialAnimation.dll (API version 3944462).
LogModuleManager: Display: Found up-to-date module file ../../../Engine/Plugins/Editor/FacialAnimation/Binaries/Win64/UE4Editor-FacialAnimationEditor.dll (API version 3944462).
LogModuleManager: Display: Found up-to-date module file ../../../Engine/Plugins/Editor/GameplayTagsEditor/Binaries/Win64/UE4Editor-GameplayTagsEditor.dll (API version 3944462).
LogModuleManager: Display: Found up-to-date module file ../../../Engine/Plugins/Editor/MobileLauncherProfileWizard/Binaries/Win64/UE4Editor-MobileLauncherProfileWizard.dll (API version 3944462).
LogModuleManager: Display: Found up-to-date module file ../../../Engine/Plugins/Editor/PluginBrowser/Binaries/Win64/UE4Editor-PluginBrowser.dll (API version 3944462).
LogModuleManager: Display: Found up-to-date module file ../../../Engine/Plugins/Editor/SpeedTreeImporter/Binaries/Win64/UE4Editor-SpeedTreeImporter.dll (API version 3944462).
LogModuleManager: Display: Found up-to-date module file ../../../Engine/Plugins/Enterprise/DatasmithContent/Binaries/Win64/UE4Editor-DatasmithContent.dll (API version 3944462).
LogModuleManager: Display: Found up-to-date module file ../../../Engine/Plugins/Experimental/AlembicImporter/Binaries/Win64/UE4Editor-AlembicImporter.dll (API version 3944462).
LogModuleManager: Display: Found up-to-date module file ../../../Engine/Plugins/Experimental/AlembicImporter/Binaries/Win64/UE4Editor-AlembicLibrary.dll (API version 3944462).
LogModuleManager: Display: Found up-to-date module file ../../../Engine/Plugins/Experimental/CharacterAI/Binaries/Win64/UE4Editor-CharacterAI.dll (API version 3944462).
LogModuleManager: Display: Found up-to-date module file ../../../Engine/Plugins/Experimental/HTML5Networking/Binaries/Win64/UE4Editor-HTML5Networking.dll (API version 3944462).
LogModuleManager: Display: Found up-to-date module file ../../../Engine/Plugins/Media/AndroidMedia/Binaries/Win64/UE4Editor-AndroidMediaEditor.dll (API version 3944462).
LogModuleManager: Display: Found up-to-date module file ../../../Engine/Plugins/Media/AndroidMedia/Binaries/Win64/UE4Editor-AndroidMediaFactory.dll (API version 3944462).
LogModuleManager: Display: Found up-to-date module file ../../../Engine/Plugins/Media/AvfMedia/Binaries/Win64/UE4Editor-AvfMediaEditor.dll (API version 3944462).
LogModuleManager: Display: Found up-to-date module file ../../../Engine/Plugins/Media/AvfMedia/Binaries/Win64/UE4Editor-AvfMediaFactory.dll (API version 3944462).
LogModuleManager: Display: Found up-to-date module file ../../../Engine/Plugins/Media/AvfMedia/Binaries/Win64/UE4Editor-AvfMediaFactory.dll (API version 3944462).
LogModuleManager: Display: Found up-to-date module file ../../../Engine/Plugins/Media/ImgMedia/Binaries/Win64/UE4Editor-ImgMedia.dll (API version 3944462).
LogModuleManager: Display: Found up-to-date module file ../../../Engine/Plugins/Media/ImgMedia/Binaries/Win64/UE4Editor-ImgMediaEditor.dll (API version 3944462).
LogModuleManager: Display: Found up-to-date module file ../../../Engine/Plugins/Media/ImgMedia/Binaries/Win64/UE4Editor-ImgMediaFactory.dll (API version 3944462).
LogModuleManager: Display: Found up-to-date module file ../../../Engine/Plugins/Media/ImgMedia/Binaries/Win64/UE4Editor-ImgMediaFactory.dll (API version 3944462).
LogModuleManager: Display: Found up-to-date module file ../../../Engine/Plugins/Media/ImgMedia/Binaries/Win64/UE4Editor-OpenExrWrapper.dll (API version 3944462).
LogModuleManager: Display: Found up-to-date module file ../../../Engine/Plugins/Media/LinearTimecode/Binaries/Win64/UE4Editor-LinearTimecode.dll (API version 3944462).
LogModuleManager: Display: Found up-to-date module file ../../../Engine/Plugins/Media/MediaCompositing/Binaries/Win64/UE4Editor-MediaCompositing.dll (API version 3944462).
LogModuleManager: Display: Found up-to-date module file ../../../Engine/Plugins/Media/MediaCompositing/Binaries/Win64/UE4Editor-MediaCompositingEditor.dll (API version 3944462).
LogModuleManager: Display: Found up-to-date module file ../../../Engine/Plugins/Media/MediaPlayerEditor/Binaries/Win64/UE4Editor-MediaPlayerEditor.dll (API version 3944462).
LogModuleManager: Display: Found up-to-date module file ../../../Engine/Plugins/Media/WmfMedia/Binaries/Win64/UE4Editor-WmfMedia.dll (API version 3944462).
LogModuleManager: Display: Found up-to-date module file ../../../Engine/Plugins/Media/WmfMedia/Binaries/Win64/UE4Editor-WmfMediaEditor.dll (API version 3944462).
LogModuleManager: Display: Found up-to-date module file ../../../Engine/Plugins/Media/WmfMedia/Binaries/Win64/UE4Editor-WmfMediaFactory.dll (API version 3944462).
LogModuleManager: Display: Found up-to-date module file ../../../Engine/Plugins/Media/WmfMedia/Binaries/Win64/UE4Editor-WmfMediaFactory.dll (API version 3944462).
LogModuleManager: Display: Found up-to-date module file ../../../Engine/Plugins/Messaging/TcpMessaging/Binaries/Win64/UE4Editor-TcpMessaging.dll (API version 3944462).
LogModuleManager: Display: Found up-to-date module file ../../../Engine/Plugins/Messaging/UdpMessaging/Binaries/Win64/UE4Editor-UdpMessaging.dll (API version 3944462).
LogModuleManager: Display: Found up-to-date module file ../../../Engine/Plugins/MovieScene/ActorSequence/Binaries/Win64/UE4Editor-ActorSequence.dll (API version 3944462).
LogModuleManager: Display: Found up-to-date module file ../../../Engine/Plugins/MovieScene/LevelSequenceEditor/Binaries/Win64/UE4Editor-LevelSequenceEditor.dll (API version 3944462).
LogModuleManager: Display: Found up-to-date module file ../../../Engine/Plugins/MovieScene/MatineeToLevelSequence/Binaries/Win64/UE4Editor-MatineeToLevelSequence.dll (API version 3944462).
LogModuleManager: Display: Found up-to-date module file ../../../Engine/Plugins/NetcodeUnitTest/NetcodeUnitTest/Binaries/Win64/UE4Editor-NetcodeUnitTest.dll (API version 3944462).
LogModuleManager: Display: Found up-to-date module file ../../../Engine/Plugins/NetcodeUnitTest/NUTUnrealEngine4/Binaries/Win64/UE4Editor-NUTUnrealEngine4.dll (API version 3944462).
LogModuleManager: Display: Found up-to-date module file ../../../Engine/Plugins/Online/OnlineSubsystem/Binaries/Win64/UE4Editor-OnlineSubsystem.dll (API version 3944462).
LogModuleManager: Display: Found up-to-date module file ../../../Engine/Plugins/Runtime/AndroidPermission/Binaries/Win64/UE4Editor-AndroidPermission.dll (API version 3944462).
LogModuleManager: Display: Found up-to-date module file ../../../Engine/Plugins/Online/OnlineSubsystemNull/Binaries/Win64/UE4Editor-OnlineSubsystemNull.dll (API version 3944462).
LogModuleManager: Display: Found up-to-date module file ../../../Engine/Plugins/Online/OnlineSubsystemUtils/Binaries/Win64/UE4Editor-OnlineSubsystemUtils.dll (API version 3944462).
LogModuleManager: Display: Found up-to-date module file ../../../Engine/Plugins/Online/OnlineSubsystemUtils/Binaries/Win64/UE4Editor-OnlineBlueprintSupport.dll (API version 3944462).
LogModuleManager: Display: Found up-to-date module file ../../../Engine/Plugins/Runtime/AndroidDeviceProfileSelector/Binaries/Win64/UE4Editor-AndroidDeviceProfileSelector.dll (API version 3944462).
LogModuleManager: Display: Found up-to-date module file ../../../Engine/Plugins/Runtime/AppleARKit/Binaries/Win64/UE4Editor-AppleARKit.dll (API version 3944462).
LogModuleManager: Display: Found up-to-date module file ../../../Engine/Plugins/Runtime/ProceduralMeshComponent/Binaries/Win64/UE4Editor-ProceduralMeshComponent.dll (API version 3944462).
LogModuleManager: Display: Found up-to-date module file ../../../Engine/Plugins/Runtime/ProceduralMeshComponent/Binaries/Win64/UE4Editor-ProceduralMeshComponentEditor.dll (API version 3944462).
LogModuleManager: Display: Found up-to-date module file ../../../Engine/Plugins/Animation/LiveLink/Binaries/Win64/UE4Editor-LiveLink.dll (API version 3944462).
LogModuleManager: Display: Found up-to-date module file ../../../Engine/Plugins/Animation/LiveLink/Binaries/Win64/UE4Editor-LiveLinkEditor.dll (API version 3944462).
LogModuleManager: Display: Found up-to-date module file ../../../Engine/Plugins/Runtime/ArchVisCharacter/Binaries/Win64/UE4Editor-ArchVisCharacter.dll (API version 3944462).
LogModuleManager: Display: Found up-to-date module file ../../../Engine/Plugins/Runtime/AudioCapture/Binaries/Win64/UE4Editor-AudioCapture.dll (API version 3944462).
LogModuleManager: Display: Found up-to-date module file ../../../Engine/Plugins/Runtime/AudioCapture/Binaries/Win64/UE4Editor-AudioCaptureEditor.dll (API version 3944462).
LogModuleManager: Display: Found up-to-date module file ../../../Engine/Plugins/Runtime/CableComponent/Binaries/Win64/UE4Editor-CableComponent.dll (API version 3944462).
LogModuleManager: Display: Found up-to-date module file ../../../Engine/Plugins/Runtime/CustomMeshComponent/Binaries/Win64/UE4Editor-CustomMeshComponent.dll (API version 3944462).
LogModuleManager: Display: Found up-to-date module file ../../../Engine/Plugins/Runtime/ExampleDeviceProfileSelector/Binaries/Win64/UE4Editor-ExampleDeviceProfileSelector.dll (API version 3944462).
LogModuleManager: Display: Found up-to-date module file ../../../Engine/Plugins/Runtime/ImmediatePhysics/Binaries/Win64/UE4Editor-ImmediatePhysics.dll (API version 3944462).
LogModuleManager: Display: Found up-to-date module file ../../../Engine/Plugins/Runtime/ImmediatePhysics/Binaries/Win64/UE4Editor-ImmediatePhysicsEditor.dll (API version 3944462).
LogModuleManager: Display: Found up-to-date module file ../../../Engine/Plugins/Runtime/LocationServicesBPLibrary/Binaries/Win64/UE4Editor-LocationServicesBPLibrary.dll (API version 3944462).
LogModuleManager: Display: Found up-to-date module file ../../../Engine/Plugins/Runtime/MobilePatchingUtils/Binaries/Win64/UE4Editor-MobilePatchingUtils.dll (API version 3944462).
LogModuleManager: Display: Found up-to-date module file ../../../Engine/Plugins/Runtime/Oculus/OculusVR/Binaries/Win64/UE4Editor-OculusHMD.dll (API version 3944462).
LogModuleManager: Display: Found up-to-date module file ../../../Engine/Plugins/Runtime/Oculus/OculusVR/Binaries/Win64/UE4Editor-OculusInput.dll (API version 3944462).
LogModuleManager: Display: Found up-to-date module file ../../../Engine/Plugins/Runtime/Oculus/OculusVR/Binaries/Win64/UE4Editor-OculusEditor.dll (API version 3944462).
LogModuleManager: Display: Found up-to-date module file ../../../Engine/Plugins/Runtime/RuntimePhysXCooking/Binaries/Win64/UE4Editor-RuntimePhysXCooking.dll (API version 3944462).
LogModuleManager: Display: Found up-to-date module file ../../../Engine/Plugins/Runtime/Steam/SteamVR/Binaries/Win64/UE4Editor-SteamVR.dll (API version 3944462).
LogModuleManager: Display: Found up-to-date module file ../../../Engine/Plugins/Runtime/Steam/SteamVR/Binaries/Win64/UE4Editor-SteamVRController.dll (API version 3944462).
LogModuleManager: Display: Found up-to-date module file ../../../Engine/Plugins/Runtime/WindowsMoviePlayer/Binaries/Win64/UE4Editor-WindowsMoviePlayer.dll (API version 3944462).
LogPluginManager: Mounting plugin Paper2D
LogPluginManager: Mounting plugin LiveLink
LogPluginManager: Mounting plugin LightPropagationVolume
LogPluginManager: Mounting plugin CLionSourceCodeAccess
LogPluginManager: Mounting plugin CodeLiteSourceCodeAccess
LogPluginManager: Mounting plugin GitSourceControl
LogPluginManager: Mounting plugin KDevelopSourceCodeAccess
LogPluginManager: Mounting plugin NullSourceCodeAccess
LogPluginManager: Mounting plugin PerforceSourceControl
LogPluginManager: Mounting plugin SubversionSourceControl
LogPluginManager: Mounting plugin UObjectPlugin
LogPluginManager: Mounting plugin VisualStudioCodeSourceCodeAccess
LogPluginManager: Mounting plugin VisualStudioSourceCodeAccess
LogPluginManager: Mounting plugin XCodeSourceCodeAccess
LogPluginManager: Mounting plugin AssetManagerEditor
LogPluginManager: Mounting plugin CryptoKeys
LogPluginManager: Mounting plugin DataValidation
LogPluginManager: Mounting plugin FacialAnimation
LogPluginManager: Mounting plugin GameplayTagsEditor
LogPluginManager: Mounting plugin MobileLauncherProfileWizard
LogPluginManager: Mounting plugin PluginBrowser
LogPluginManager: Mounting plugin SpeedTreeImporter
LogPluginManager: Mounting plugin DatasmithContent
LogPluginManager: Mounting plugin AlembicImporter
LogPluginManager: Mounting plugin CharacterAI
LogPluginManager: Mounting plugin HTML5Networking
LogPluginManager: Mounting plugin RawInput
LogPluginManager: Mounting plugin AndroidMedia
LogPluginManager: Mounting plugin AvfMedia
LogPluginManager: Mounting plugin ImgMedia
LogPluginManager: Mounting plugin LinearTimecode
LogPluginManager: Mounting plugin MediaCompositing
LogPluginManager: Mounting plugin MediaPlayerEditor
LogPluginManager: Mounting plugin WmfMedia
LogPluginManager: Mounting plugin TcpMessaging
LogPluginManager: Mounting plugin UdpMessaging
LogPluginManager: Mounting plugin ActorSequence
LogPluginManager: Mounting plugin LevelSequenceEditor
LogPluginManager: Mounting plugin MatineeToLevelSequence
LogPluginManager: Mounting plugin NetcodeUnitTest
LogPluginManager: Mounting plugin NUTUnrealEngine4
LogPluginManager: Mounting plugin OnlineSubsystemGooglePlay
LogPluginManager: Mounting plugin OnlineSubsystemIOS
LogPluginManager: Mounting plugin OnlineSubsystem
LogPluginManager: Mounting plugin OnlineSubsystemNull
LogPluginManager: Mounting plugin OnlineSubsystemUtils
LogPluginManager: Mounting plugin AndroidDeviceProfileSelector
LogPluginManager: Mounting plugin AndroidMoviePlayer
LogPluginManager: Mounting plugin AndroidPermission
LogPluginManager: Mounting plugin AppleARKit
LogPluginManager: Mounting plugin AppleMoviePlayer
LogPluginManager: Mounting plugin ArchVisCharacter
LogPluginManager: Mounting plugin AudioCapture
LogPluginManager: Mounting plugin CableComponent
LogPluginManager: Mounting plugin CustomMeshComponent
LogPluginManager: Mounting plugin ExampleDeviceProfileSelector
LogPluginManager: Mounting plugin GoogleCloudMessaging
LogPluginManager: Mounting plugin ImmediatePhysics
LogPluginManager: Mounting plugin IOSDeviceProfileSelector
LogPluginManager: Mounting plugin LinuxDeviceProfileSelector
LogPluginManager: Mounting plugin LocationServicesBPLibrary
LogPluginManager: Mounting plugin MobilePatchingUtils
LogPluginManager: Mounting plugin OculusVR
LogPluginManager: Plugin shader directory ../../../Engine/Plugins/Runtime/Oculus/OculusVR/Shaders found
LogPluginManager: Mapping shader source directory ../../../Engine/Plugins/Runtime/Oculus/OculusVR/Shaders to virtual directory /Plugin/OculusVR
LogPluginManager: Mounting plugin PhysXVehicles
LogPluginManager: Mounting plugin ProceduralMeshComponent
LogPluginManager: Mounting plugin RuntimePhysXCooking
LogPluginManager: Mounting plugin SteamVR
LogPluginManager: Mounting plugin WindowsMoviePlayer
LogStreaming: Display: Took  7.915s to configure plugins.
LogInit: Using libcurl 7.47.1
LogInit:  - built for x86_64-pc-win32
LogInit:  - supports SSL with OpenSSL/1.0.2g
LogInit:  - supports HTTP deflate (compression) using libz 1.2.8
LogInit:  - other features:
LogInit:      CURL_VERSION_SSL
LogInit:      CURL_VERSION_LIBZ
LogInit:      CURL_VERSION_IPV6
LogInit:      CURL_VERSION_ASYNCHDNS
LogInit:      CURL_VERSION_LARGEFILE
LogInit:      CURL_VERSION_IDN
LogInit:  CurlRequestOptions (configurable via config and command line):
LogInit:  - bVerifyPeer = false  - Libcurl will NOT verify peer certificate
LogInit:  - bUseHttpProxy = false  - Libcurl will NOT use HTTP proxy
LogInit:  - bDontReuseConnections = false  - Libcurl will reuse connections
LogInit:  - CertBundlePath = nullptr  - Libcurl will use whatever was configured at build time.
LogInit:  - MaxHostConnections = 16  - Libcurl will limit the number of connections to a host
LogInit:  - LocalHostAddr = Default
LogInit: WinSock: version 1.1 (2.2), MaxSocks=32767, MaxUdp=65467
LogInit: WinSock: I am DESKTOP-8DUAELL (192.168.1.90:0)
LogInit: Build: ++UE4+Release-4.19-CL-4033788
LogInit: Engine Version: 4.19.2-4033788+++UE4+Release-4.19
LogInit: Compatible Engine Version: 4.19.0-3944462+++UE4+Release-4.19
LogInit: Net CL: 3944462
LogDevObjectVersion: Number of dev versions registered: 18
LogDevObjectVersion:   Dev-Blueprints (B0D832E4-1F89-4F0D-ACCF-7EB736FD4AA2): 10
LogDevObjectVersion:   Dev-Build (E1C64328-A22C-4D53-A36C-8E866417BD8C): 0
LogDevObjectVersion:   Dev-Core (375EC13C-06E4-48FB-B500-84F0262A717E): 2
LogDevObjectVersion:   Dev-Editor (E4B068ED-F494-42E9-A231-DA0B2E46BB41): 23
LogDevObjectVersion:   Dev-Framework (CFFC743F-43B0-4480-9391-14DF171D2073): 33
LogDevObjectVersion:   Dev-Mobile (B02B49B5-BB20-44E9-A304-32B752E40360): 2
LogDevObjectVersion:   Dev-Networking (A4E4105C-59A1-49B5-A7C5-40C4547EDFEE): 0
LogDevObjectVersion:   Dev-Online (39C831C9-5AE6-47DC-9A44-9C173E1C8E7C): 0
LogDevObjectVersion:   Dev-Physics (78F01B33-EBEA-4F98-B9B4-84EACCB95AA2): 0
LogDevObjectVersion:   Dev-Platform (6631380F-2D4D-43E0-8009-CF276956A95A): 0
LogDevObjectVersion:   Dev-Rendering (12F88B9F-8875-4AFC-A67C-D90C383ABD29): 25
LogDevObjectVersion:   Dev-Sequencer (7B5AE74C-D270-4C10-A958-57980B212A5A): 6
LogDevObjectVersion:   Dev-VR (D7296918-1DD6-4BDD-9DE2-64A83CC13884): 1
LogDevObjectVersion:   Dev-LoadTimes (C2A15278-BFE7-4AFE-6C17-90FF531DF755): 1
LogDevObjectVersion:   Private-Geometry (6EACA3D4-40EC-4CC1-B786-8BED09428FC5): 2
LogDevObjectVersion:   Dev-AnimPhys (29E575DD-E0A3-4627-9D10-D276232CDCEA): 16
LogDevObjectVersion:   Dev-ReflectionCapture (6B266CEC-1EC7-4B8F-A30B-E4D90942FC07): 1
LogDevObjectVersion:   Dev-Automation (0DF73D61-A23F-47EA-B727-89E90C41499A): 1
LogInit: Compiled (64-bit): Apr 27 2018 02:06:57
LogInit: Compiled with Visual C++: 19.00.24215.01
LogInit: Build Configuration: Development
LogInit: Branch Name: ++UE4+Release-4.19
LogInit: Command Line: -EpicPortal
LogInit: Base Directory: D:/unreal engine/UE_4.19/Engine/Binaries/Win64/
LogInit: Installed Engine Build: 1
LogStreaming: Display: Took  0.004s to delete old logs.
LogInit: Presizing for max 8388607 objects, including 0 objects not considered by GC, pre-allocating 0 bytes for permanent pool.
LogInit: Object subsystem initialized
[2018.05.27-19.34.25:137][  0]LogInit: Selected Device Profile: [Windows]
[2018.05.27-19.34.25:137][  0]LogInit: Applying CVar settings loaded from the selected device profile: [Windows]
[2018.05.27-19.34.25:168][  0]LogInit: Computer: DESKTOP-8DUAELL
[2018.05.27-19.34.25:168][  0]LogInit: User: Maël
[2018.05.27-19.34.25:168][  0]LogInit: CPU Page size=4096, Cores=4
[2018.05.27-19.34.25:168][  0]LogInit: High frequency timer resolution =3.410084 MHz
[2018.05.27-19.34.25:168][  0]LogMemory: Memory total: Physical=31.9GB (32GB approx)
[2018.05.27-19.34.25:168][  0]LogMemory: Platform Memory Stats for Windows
[2018.05.27-19.34.25:168][  0]LogMemory: Process Physical Memory: 276.69 MB used, 276.69 MB peak
[2018.05.27-19.34.25:168][  0]LogMemory: Process Virtual Memory: 276.81 MB used, 276.81 MB peak
[2018.05.27-19.34.25:168][  0]LogMemory: Physical Memory: 7627.18 MB used,  25081.08 MB free, 32708.27 MB total
[2018.05.27-19.34.25:169][  0]LogMemory: Virtual Memory: 4806.20 MB used,  25081.08 MB free, 134217728.00 MB total
[2018.05.27-19.34.25:574][  0]LogInit: Using OS detected language (fr-FR).
[2018.05.27-19.34.25:574][  0]LogInit: Using OS detected locale (fr-FR).
[2018.05.27-19.34.25:603][  0]LogTextLocalizationManager: No localization for 'fr-FR' exists, so 'en' will be used for the language.
[2018.05.27-19.34.26:036][  0]LogStreaming: Display: Took  0.463s to EndInitTextLocalization.
[2018.05.27-19.34.26:037][  0]LogInit: Setting process to per monitor DPI aware
[2018.05.27-19.34.26:147][  0]LogSlate: New Slate User Created.  User Index 0, Is Virtual User: 0
[2018.05.27-19.34.26:147][  0]LogSlate: Slate User Registered.  User Index 0, Is Virtual User: 0
[2018.05.27-19.34.27:691][  0]LogD3D11RHI: D3D11 adapters:
[2018.05.27-19.34.27:762][  0]LogD3D11RHI:    0. 'NVIDIA GeForce GTX 775M' (Feature Level 11_0)
[2018.05.27-19.34.27:762][  0]LogD3D11RHI:       2017/0/16354 MB DedicatedVideo/DedicatedSystem/SharedSystem, Outputs:2, VendorId:0x10de
[2018.05.27-19.34.27:778][  0]LogD3D11RHI:    1. 'Microsoft Basic Render Driver' (Feature Level 11_0)
[2018.05.27-19.34.27:778][  0]LogD3D11RHI:       0/0/16354 MB DedicatedVideo/DedicatedSystem/SharedSystem, Outputs:0, VendorId:0x1414
[2018.05.27-19.34.27:778][  0]LogD3D11RHI: Chosen D3D11 Adapter: 0
[2018.05.27-19.34.27:784][  0]LogD3D11RHI: Creating new Direct3DDevice
[2018.05.27-19.34.27:784][  0]LogD3D11RHI:     GPU DeviceId: 0x119d (for the marketing name, search the web for "GPU Device Id")
[2018.05.27-19.34.27:784][  0]LogWindows: EnumDisplayDevices:
[2018.05.27-19.34.27:784][  0]LogWindows:    0. 'NVIDIA GeForce GTX 775M' (P:0 D:1)
[2018.05.27-19.34.27:784][  0]LogWindows:    1. 'NVIDIA GeForce GTX 775M' (P:1 D:1)
[2018.05.27-19.34.27:784][  0]LogWindows:    2. 'NVIDIA GeForce GTX 775M' (P:0 D:0)
[2018.05.27-19.34.27:784][  0]LogWindows: DebugString: GetVideoDriverDetailsInvalid PrimaryIsNotTheChoosenAdapter GetVideoDriverDetailsInvalid PrimaryIsNotTheChoosenAdapter GetVideoDriverDetailsInvalid PrimaryIsNotTheChoosenAdapter FoundDriverCount:0 
[2018.05.27-19.34.27:784][  0]LogD3D11RHI:     Adapter Name: NVIDIA GeForce GTX 775M
[2018.05.27-19.34.27:784][  0]LogD3D11RHI:   Driver Version: Unknown (internal:Unknown, unified:Unknown)
[2018.05.27-19.34.27:784][  0]LogD3D11RHI:      Driver Date: Unknown
[2018.05.27-19.34.27:784][  0]LogRHI: Texture pool is 1412 MB (70% of 2017 MB)
[2018.05.27-19.34.27:829][  0]LogD3D11RHI: [Aftermath] Aftermath enabled but failed to initialize
[2018.05.27-19.34.27:829][  0]LogD3D11RHI: [Aftermath] Aftermath enabled and primed
[2018.05.27-19.34.27:829][  0]LogD3D11RHI: Async texture creation enabled
[2018.05.27-19.34.27:846][  0]LogD3D11RHI: GPU Timing Frequency: 1000.000000 (Debug: 2 2)
[2018.05.27-19.34.27:890][  0]LogShaderCompilers: Guid format shader working directory is 21 characters bigger than the processId version (../../../../Jeu/DirtSim/Intermediate/Shaders/WorkingDirectory/15228/).
[2018.05.27-19.34.27:890][  0]LogShaderCompilers: Cleaned the shader compiler working directory 'C:/Users/Maël/AppData/Local/Temp/UnrealShaderWorkingDir/AC421DCF451AD4ACD151328CCDA0E624/'.
[2018.05.27-19.34.28:733][  0]LogTemp: Display: Loaded TP AllDesktopTargetPlatform
[2018.05.27-19.34.28:785][  0]LogTemp: Display: Loaded TP MacClientTargetPlatform
[2018.05.27-19.34.28:841][  0]LogTemp: Display: Loaded TP MacNoEditorTargetPlatform
[2018.05.27-19.34.28:895][  0]LogTemp: Display: Loaded TP MacServerTargetPlatform
[2018.05.27-19.34.28:950][  0]LogTemp: Display: Loaded TP MacTargetPlatform
[2018.05.27-19.34.29:006][  0]LogTemp: Display: Loaded TP WindowsClientTargetPlatform
[2018.05.27-19.34.29:063][  0]LogTemp: Display: Loaded TP WindowsNoEditorTargetPlatform
[2018.05.27-19.34.29:119][  0]LogTemp: Display: Loaded TP WindowsServerTargetPlatform
[2018.05.27-19.34.29:160][  0]LogTemp: Display: Loaded TP WindowsTargetPlatform
[2018.05.27-19.34.29:218][  0]LogTemp: Display: Loaded TP Android_ASTCTargetPlatform
[2018.05.27-19.34.29:269][  0]LogTemp: Display: Loaded TP Android_ATCTargetPlatform
[2018.05.27-19.34.29:321][  0]LogTemp: Display: Loaded TP Android_DXTTargetPlatform
[2018.05.27-19.34.29:375][  0]LogTemp: Display: Loaded TP Android_ETC1aTargetPlatform
[2018.05.27-19.34.29:426][  0]LogTemp: Display: Loaded TP Android_ETC1TargetPlatform
[2018.05.27-19.34.29:478][  0]LogTemp: Display: Loaded TP Android_ETC2TargetPlatform
[2018.05.27-19.34.29:579][  0]LogTemp: Display: Loaded TP Android_MultiTargetPlatform
[2018.05.27-19.34.29:579][  0]LogTemp: Display: Loaded TP Android_PVRTCTargetPlatform
[2018.05.27-19.34.29:632][  0]LogTemp: Display: Loaded TP AndroidTargetPlatform
[2018.05.27-19.34.29:659][  0]LogTemp: Display: Loaded TP HTML5TargetPlatform
[2018.05.27-19.34.29:804][  0]LogTemp: Display: Loaded TP IOSTargetPlatform
[2018.05.27-19.34.29:855][  0]LogTemp: Display: Loaded TP TVOSTargetPlatform
[2018.05.27-19.34.29:904][  0]LogTemp: Display: Loaded TP LinuxClientTargetPlatform
[2018.05.27-19.34.29:956][  0]LogTemp: Display: Loaded TP LinuxNoEditorTargetPlatform
[2018.05.27-19.34.30:006][  0]LogTemp: Display: Loaded TP LinuxServerTargetPlatform
[2018.05.27-19.34.30:059][  0]LogTemp: Display: Loaded TP LinuxTargetPlatform
[2018.05.27-19.34.30:059][  0]LogTargetPlatformManager: Display: Building Assets For Windows
[2018.05.27-19.34.31:446][  0]LogXGEController: Cleaning working directory: C:/Users/Maël/AppData/Local/Temp/UnrealXGEWorkingDir/
[2018.05.27-19.34.31:447][  0]LogXGEController: Cannot use XGE Controller as Incredibuild is not installed on this machine.
[2018.05.27-19.34.31:447][  0]LogShaderCompilers: Cannot use XGE Shader Compiler as Incredibuild is not installed on this machine.
[2018.05.27-19.34.31:447][  0]LogShaderCompilers: Display: Using Local Shader Compiler.
[2018.05.27-19.34.33:343][  0]LogDerivedDataCache: Display: Max Cache Size: 512 MB
[2018.05.27-19.34.33:407][  0]LogDerivedDataCache: Loaded boot cache 0.06s 74MB C:/Users/Maël/AppData/Local/UnrealEngine/4.19/DerivedDataCache/Boot.ddc.
[2018.05.27-19.34.33:407][  0]LogDerivedDataCache: Display: Loaded Boot cache: C:/Users/Maël/AppData/Local/UnrealEngine/4.19/DerivedDataCache/Boot.ddc
[2018.05.27-19.34.33:407][  0]LogDerivedDataCache: FDerivedDataBackendGraph:  Pak pak cache file ../../../../Jeu/DirtSim/DerivedDataCache/DDC.ddp not found, will not use a pak cache.
[2018.05.27-19.34.33:407][  0]LogDerivedDataCache: Unable to find inner node Pak for hierarchical cache Hierarchy.
[2018.05.27-19.34.33:407][  0]LogDerivedDataCache: FDerivedDataBackendGraph:  CompressedPak pak cache file ../../../../Jeu/DirtSim/DerivedDataCache/Compressed.ddp not found, will not use a pak cache.
[2018.05.27-19.34.33:407][  0]LogDerivedDataCache: Unable to find inner node CompressedPak for hierarchical cache Hierarchy.
[2018.05.27-19.34.33:424][  0]LogDerivedDataCache: Display: Pak cache opened for reading ../../../Engine/DerivedDataCache/Compressed.ddp.
[2018.05.27-19.34.33:439][  0]LogDerivedDataCache: Using Local data cache path C:/Users/Maël/AppData/Local/UnrealEngine/Common/DerivedDataCache: Writable
[2018.05.27-19.34.33:439][  0]LogDerivedDataCache: Shared data cache path not found in *engine.ini, will not use an Shared cache.
[2018.05.27-19.34.33:439][  0]LogDerivedDataCache: Unable to find inner node Shared for hierarchical cache Hierarchy.
[2018.05.27-19.34.33:450][  0]LogMaterial: Verifying Global Shaders for PCD3D_SM5
[2018.05.27-19.34.33:450][  0]LogSlate: Using Freetype 2.6.0
[2018.05.27-19.34.33:455][  0]LogSlate: SlateFontCache - WITH_FREETYPE: 1, WITH_HARFBUZZ: 1
[2018.05.27-19.34.33:455][  0]LogSlate: SlateFontCache - WITH_FREETYPE: 1, WITH_HARFBUZZ: 1
[2018.05.27-19.34.36:593][  0]LogAssetRegistry: FAssetRegistry took 0.0289 seconds to start up
[2018.05.27-19.34.37:064][  0]LogInit: Selected Device Profile: [Windows]
[2018.05.27-19.34.37:769][  0]LogSimplygon: Simplygon DLL not present - disabling.
[2018.05.27-19.34.37:817][  0]LogMeshReduction: Using SimplygonSwarm for distributed automatic mesh merging
[2018.05.27-19.34.37:817][  0]LogMeshReduction: Using QuadricMeshReduction for automatic static mesh reduction
[2018.05.27-19.34.37:817][  0]LogMeshReduction: No automatic skeletal mesh reduction module available
[2018.05.27-19.34.37:817][  0]LogMeshReduction: No automatic mesh merging module available
[2018.05.27-19.34.37:817][  0]LogMeshMerging: No automatic mesh merging module available
[2018.05.27-19.34.38:059][  0]LogNetVersion: DirtSim , NetCL: 3944462, EngineNetVer: 2, GameNetVer: 0 (Checksum: 3470116585)
[2018.05.27-19.34.38:845][  0]LogPackageLocalizationCache: Processed 9 localized package path(s) for 1 prioritized culture(s) in 0.128255 seconds
[2018.05.27-19.34.38:851][  0]LogUObjectArray: 36728 objects as part of root set at end of initial load.
[2018.05.27-19.34.38:851][  0]LogUObjectAllocator: 7314312 out of 0 bytes used by permanent object pool.
[2018.05.27-19.34.38:851][  0]LogUObjectArray: CloseDisregardForGC: 0/0 objects in disregard for GC pool
[2018.05.27-19.34.47:632][  0]LogTcpMessaging: Initializing TcpMessaging bridge
[2018.05.27-19.34.47:815][  0]LogUdpMessaging: Initializing bridge on interface 0.0.0.0:0 to multicast group 230.0.0.1:6666.
[2018.05.27-19.34.50:654][  0]SourceControl: Source control is disabled
[2018.05.27-19.34.50:655][  0]SourceControl: Source control is disabled
[2018.05.27-19.34.50:852][  0]SourceControl: Source control is disabled
[2018.05.27-19.34.51:017][  0]SourceControl: Source control is disabled
[2018.05.27-19.34.55:031][  0]LogAndroidPermission: UAndroidPermissionCallbackProxy::GetInstance
[2018.05.27-19.34.56:182][  0]LogOcInput: OculusInput pre-init called
[2018.05.27-19.34.56:836][  0]LogEngine: Initializing Engine...
[2018.05.27-19.34.56:837][  0]LogHMD: Failed to initialize OpenVR with code 110
[2018.05.27-19.34.56:841][  0]LogStats: UGameplayTagsManager::ConstructGameplayTagTree: Construct from data asset -  0.000 s
[2018.05.27-19.34.56:841][  0]LogStats: UGameplayTagsManager::ConstructGameplayTagTree: GameplayTagTreeChangedEvent.Broadcast -  0.000 s
[2018.05.27-19.34.57:206][  0]LogAIModule: Creating AISystem for world Untitled
[2018.05.27-19.34.57:216][  0]LogInit: XAudio2 using 'Haut-parleurs (USB PnP Sound Device)' : 2 channels at 48 kHz using 16 bits per sample (channel mask 0x3)
[2018.05.27-19.34.57:228][  0]LogInit: FAudioDevice initialized.
[2018.05.27-19.34.57:591][  0]LogDerivedDataCache: Saved boot cache 0.36s 74MB C:/Users/Maël/AppData/Local/UnrealEngine/4.19/DerivedDataCache/Boot.ddc.
[2018.05.27-19.34.57:603][  0]LogInit: Texture streaming: Enabled
[2018.05.27-19.34.57:747][  0]LogEngineSessionManager: EngineSessionManager initialized
[2018.05.27-19.34.57:747][  0]LogEngineSessionManager: EngineSessionManager sent abnormal shutdown report. Type=Crashed, SessionId={D10E366C-4DD7-A79E-1483-4CAAA03E9C4B}
[2018.05.27-19.34.57:816][  0]LogInit: Transaction tracking system initialized
[2018.05.27-19.34.58:058][  0]BlueprintLog: New page: Editor Load
[2018.05.27-19.34.58:963][  0]LocalizationService: Localization service is disabled
[2018.05.27-19.34.59:852][  0]LogConsoleResponse: Display: 
[2018.05.27-19.35.00:137][  0]LogCook: Display: Max memory allowance for cook 16384mb min free memory 0mb
[2018.05.27-19.35.00:137][  0]LogCook: Display: Mobile HDR setting 1
[2018.05.27-19.35.00:137][  0]LogGameplayTags: Display: UGameplayTagsManager::DoneAddingNativeTags. DelegateIsBound: 0
[2018.05.27-19.35.00:137][  0]LogStats: UGameplayTagsManager::ConstructGameplayTagTree: Construct from data asset -  0.000 s
[2018.05.27-19.35.00:137][  0]LogStats: UGameplayTagsManager::ConstructGameplayTagTree: GameplayTagTreeChangedEvent.Broadcast -  0.000 s
[2018.05.27-19.35.01:361][  0]LogFileCache: Scanning file cache for directory 'D:/unreal engine/Jeu/DirtSim/Content/' took 0.02s
[2018.05.27-19.35.03:198][  0]SourceControl: Source control is disabled
[2018.05.27-19.35.03:198][  0]Cmd: MAP LOAD FILE="../../../../Jeu/DirtSim/Content/VehicleAdvBP/Maps/VehicleAdvExampleMap.umap" TEMPLATE=0 SHOWPROGRESS=1 FEATURELEVEL=3
[2018.05.27-19.35.03:204][  0]LightingResults: New page: Lighting Build
[2018.05.27-19.35.03:220][  0]MapCheck: New page: Map Check
[2018.05.27-19.35.03:220][  0]LightingResults: New page: Lighting Build
[2018.05.27-19.35.03:372][  0]LogUObjectGlobals: Created PersistentFrame Addr=0x000001db55b75ab0, Size=4, Default__VehicleAnimationBlueprint_C Function /Game/VehicleAdv/Vehicle/VehicleAnimationBlueprint.VehicleAnimationBlueprint_C:ExecuteUbergraph_VehicleAnimationBlueprint
[2018.05.27-19.35.03:388][  0]LogUObjectGlobals: Destroyed PersistentFrame Addr=0x000001db55b75ab0, Size=4
[2018.05.27-19.35.03:388][  0]LogUObjectGlobals: Created PersistentFrame Addr=0x000001db55b75ab0, Size=4, Default__VehicleAnimationBlueprint_C Function /Engine/Transient.REINST_VehicleAnimationBlueprint_C_0:ExecuteUbergraph_VehicleAnimationBlueprint
[2018.05.27-19.35.03:395][  0]LogUObjectGlobals: Created PersistentFrame Addr=0x000001db55b75318, Size=4, Default__VehicleAnimationBlueprint_C Function /Game/VehicleAdv/Vehicle/VehicleAnimationBlueprint.VehicleAnimationBlueprint_C:ExecuteUbergraph_VehicleAnimationBlueprint
[2018.05.27-19.35.03:410][  0]LogUObjectGlobals: Created PersistentFrame Addr=0x000001db56291600, Size=2016, Default__VehicleBlueprint_C Function /Game/VehicleAdvBP/Blueprints/VehicleBlueprint.VehicleBlueprint_C:ExecuteUbergraph_VehicleBlueprint
[2018.05.27-19.35.03:412][  0]LogUObjectGlobals: Created PersistentFrame Addr=0x000001db5dcb2e00, Size=176, Default__VehicleAdvHud_C Function /Game/VehicleAdvBP/Blueprints/VehicleAdvHud.VehicleAdvHud_C:ExecuteUbergraph_VehicleAdvHud
[2018.05.27-19.35.03:504][  0]LogUObjectGlobals: Destroyed PersistentFrame Addr=0x000001db5dcb2e00, Size=176
[2018.05.27-19.35.03:504][  0]LogUObjectGlobals: Created PersistentFrame Addr=0x000001db5b47e380, Size=176, Default__VehicleAdvHud_C Function /Engine/Transient.REINST_VehicleAdvHud_C_8:ExecuteUbergraph_VehicleAdvHud
[2018.05.27-19.35.03:507][  0]LogUObjectGlobals: Destroyed PersistentFrame Addr=0x000001db56291600, Size=2016
[2018.05.27-19.35.03:507][  0]LogUObjectGlobals: Created PersistentFrame Addr=0x000001db7176b580, Size=2016, Default__VehicleBlueprint_C Function /Engine/Transient.REINST_VehicleBlueprint_C_9:ExecuteUbergraph_VehicleBlueprint
[2018.05.27-19.35.03:530][  0]LogUObjectGlobals: Created PersistentFrame Addr=0x000001db716a9840, Size=176, Default__VehicleAdvHud_C Function /Game/VehicleAdvBP/Blueprints/VehicleAdvHud.VehicleAdvHud_C:ExecuteUbergraph_VehicleAdvHud
[2018.05.27-19.35.03:538][  0]LogUObjectGlobals: Created PersistentFrame Addr=0x000001db715a7580, Size=2016, Default__VehicleBlueprint_C Function /Game/VehicleAdvBP/Blueprints/VehicleBlueprint.VehicleBlueprint_C:ExecuteUbergraph_VehicleBlueprint
[2018.05.27-19.35.03:650][  0]LogUObjectGlobals: Created PersistentFrame Addr=0x000001db57697080, Size=120, Default__VehicleAdvExampleMap_C Function /Game/VehicleAdvBP/Maps/VehicleAdvExampleMap.VehicleAdvExampleMap_C:ExecuteUbergraph_VehicleAdvExampleMap
[2018.05.27-19.35.03:652][  0]LogUObjectGlobals: Destroyed PersistentFrame Addr=0x000001db57697080, Size=120
[2018.05.27-19.35.03:652][  0]LogUObjectGlobals: Created PersistentFrame Addr=0x000001db57697080, Size=120, Default__VehicleAdvExampleMap_C Function /Engine/Transient.REINST_VehicleAdvExampleMap_C_12:ExecuteUbergraph_VehicleAdvExampleMap
[2018.05.27-19.35.03:654][  0]LogUObjectGlobals: Created PersistentFrame Addr=0x000001db57696480, Size=120, Default__VehicleAdvExampleMap_C Function /Game/VehicleAdvBP/Maps/VehicleAdvExampleMap.VehicleAdvExampleMap_C:ExecuteUbergraph_VehicleAdvExampleMap
[2018.05.27-19.35.03:857][  0]LogSkeletalMesh: Skeletal Mesh found in DDC [7.989832ms] /Game/VehicleAdv/Vehicle/Vehicle_SkelMesh.Vehicle_SkelMesh
[2018.05.27-19.35.04:004][  0]LogAIModule: Creating AISystem for world VehicleAdvExampleMap
[2018.05.27-19.35.04:045][  0]LogEditorServer: Finished looking for orphan Actors (0.000 secs)
[2018.05.27-19.35.04:062][  0]LogUObjectGlobals: Destroyed PersistentFrame Addr=0x000001db55b75ab0, Size=4
[2018.05.27-19.35.04:062][  0]LogUObjectGlobals: Destroyed PersistentFrame Addr=0x000001db7176b580, Size=2016
[2018.05.27-19.35.04:062][  0]LogUObjectGlobals: Destroyed PersistentFrame Addr=0x000001db5b47e380, Size=176
[2018.05.27-19.35.04:063][  0]LogUObjectGlobals: Destroyed PersistentFrame Addr=0x000001db57697080, Size=120
[2018.05.27-19.35.04:064][  0]Cmd: MAP CHECKDEP NOCLEARLOG
[2018.05.27-19.35.04:853][  0]MapCheck: Map check complete: 0 Error(s), 0 Warning(s), took 789,774ms to complete.
[2018.05.27-19.35.04:854][  0]LogFileHelpers: Loading map 'VehicleAdvExampleMap' took 1.656
[2018.05.27-19.35.05:074][  0]LogCollectionManager: Loaded 0 collections in 0.001533 seconds
[2018.05.27-19.35.05:129][  0]LogFileCache: Scanning file cache for directory 'D:/unreal engine/Jeu/DirtSim/Saved/Collections/' took 0.01s
[2018.05.27-19.35.05:129][  0]LogFileCache: Scanning file cache for directory 'D:/unreal engine/Jeu/DirtSim/Content/Developers/Maël/Collections/' took 0.01s
[2018.05.27-19.35.05:129][  0]LogFileCache: Scanning file cache for directory 'D:/unreal engine/Jeu/DirtSim/Content/Collections/' took 0.01s
[2018.05.27-19.35.05:129][  0]LogCollectionManager: Rebuilt the GUID cache for 0 collections in 0.000001 seconds
[2018.05.27-19.35.05:138][  0]LogContentBrowser: Native class hierarchy populated in 0.0090 seconds. Added 2454 classes and 561 folders.
[2018.05.27-19.35.05:172][  0]LogContentBrowser: Native class hierarchy updated for 'WidgetCarousel' in 0.0004 seconds. Added 0 classes and 0 folders.
[2018.05.27-19.35.05:455][  0]LogContentBrowser: Native class hierarchy updated for 'AddContentDialog' in 0.0003 seconds. Added 0 classes and 0 folders.
[2018.05.27-19.35.05:497][  0]LogContentBrowser: Native class hierarchy updated for 'SceneOutliner' in 0.0005 seconds. Added 1 classes and 2 folders.
[2018.05.27-19.35.05:523][  0]LogSlate: Took 0.002640 seconds to synchronously load lazily loaded font '../../../Engine/Content/Slate/Fonts/Roboto-Regular.ttf' (155K)
[2018.05.27-19.35.05:527][  0]LogSlate: Took 0.002144 seconds to synchronously load lazily loaded font '../../../Engine/Content/Slate/Fonts/Roboto-Bold.ttf' (160K)
[2018.05.27-19.35.05:534][  0]LogSlate: Took 0.002146 seconds to synchronously load lazily loaded font '../../../Engine/Content/Editor/Slate/Fonts/FontAwesome.ttf' (139K)
[2018.05.27-19.35.05:659][  0]LogRenderer: Reallocating scene render targets to support 1616x808 Format 10 NumSamples 1 (Frame:1).
[2018.05.27-19.35.05:848][  0]LogContentBrowser: Native class hierarchy updated for 'HierarchicalLODOutliner' in 0.0003 seconds. Added 0 classes and 0 folders.
[2018.05.27-19.35.05:848][  0]LogLoad: (Engine Initialization) Total time: 53.31 seconds
[2018.05.27-19.35.05:848][  0]LogLoad: (Engine Initialization) Total Blueprint compile time: 0.00 seconds
[2018.05.27-19.35.05:856][  0]LogWindowsTextInputMethodSystem: Display: IME system now deactivated.
[2018.05.27-19.35.05:858][  0]LogRawInputWindows: Warning: Found device 0 devices
[2018.05.27-19.35.05:858][  0]LogRawInputWindows: Warning: Found device 0 devices
[2018.05.27-19.35.05:858][  0]LogRawInputWindows: VenderID:1234 ProductID:bead
[2018.05.27-19.35.05:858][  0]LogRawInputWindows: Device was registered succesfully and is connected (Usage:4 UsagePage:1)
[2018.05.27-19.35.05:878][  0]LogContentStreaming: Texture pool size now 1000 MB
[2018.05.27-19.35.06:066][  1]LogAssetRegistry: Asset discovery search completed in 29.4951 seconds
[2018.05.27-19.35.06:068][  1]LogCollectionManager: Rebuilt the object cache for 0 collections in 0.000001 seconds (found 0 objects)
[2018.05.27-19.35.06:068][  1]LogCollectionManager: Fixed up redirectors for 0 collections in 0.000045 seconds (updated 0 objects)
[2018.05.27-19.35.06:896][ 73]LogSlate: Took 0.002303 seconds to synchronously load lazily loaded font '../../../Engine/Content/Slate/Fonts/Roboto-Light.ttf' (167K)
[2018.05.27-19.35.25:736][924]LogSlate: FSceneViewport::OnFocusLost() reason 0
[2018.05.27-19.35.26:257][940]LogContentBrowser: Native class hierarchy updated for 'BlueprintGraph' in 0.0008 seconds. Added 116 classes and 0 folders.
[2018.05.27-19.35.26:629][940]LogUObjectGlobals: Created PersistentFrame Addr=0x000001db29b843d8, Size=4, Default__SKEL_PROTO_BP_AnimBlueprint_0_C Function /Engine/Transient.SKEL_PROTO_BP_AnimBlueprint_0_C:ExecuteUbergraph_PROTO_BP_AnimBlueprint_0
[2018.05.27-19.35.26:630][940]LogUObjectGlobals: Created PersistentFrame Addr=0x000001db29b843d0, Size=4, Default__PROTO_BP_AnimBlueprint_0_C Function /Engine/Transient.PROTO_BP_AnimBlueprint_0_C:ExecuteUbergraph_PROTO_BP_AnimBlueprint_0
[2018.05.27-19.35.27:207][940]LogSlate: Took 0.002850 seconds to synchronously load lazily loaded font '../../../Engine/Content/Slate/Fonts/Roboto-BoldCondensed.ttf' (158K)
[2018.05.27-19.35.28:589][941]LogSlate: Took 0.002405 seconds to synchronously load lazily loaded font '../../../Engine/Content/Slate/Fonts/Roboto-Italic.ttf' (157K)
[2018.05.27-19.35.45:827][956]BlueprintLog: New page: Compile VehicleBlueprint
[2018.05.27-19.35.46:010][956]LogUObjectGlobals: Destroyed PersistentFrame Addr=0x000001db715a7580, Size=2016
[2018.05.27-19.35.46:010][956]LogUObjectGlobals: Created PersistentFrame Addr=0x000001db82a09600, Size=2016, Default__VehicleBlueprint_C Function /Engine/Transient.REINST_VehicleBlueprint_C_32:ExecuteUbergraph_VehicleBlueprint
[2018.05.27-19.35.46:037][956]LogUObjectGlobals: Created PersistentFrame Addr=0x000001db65399600, Size=2048, Default__VehicleBlueprint_C Function /Game/VehicleAdvBP/Blueprints/VehicleBlueprint.VehicleBlueprint_C:ExecuteUbergraph_VehicleBlueprint
[2018.05.27-19.36.00:220][691]BlueprintLog: New page: Compile VehicleBlueprint
[2018.05.27-19.36.00:399][691]LogUObjectGlobals: Destroyed PersistentFrame Addr=0x000001db65399600, Size=2048
[2018.05.27-19.36.00:399][691]LogUObjectGlobals: Created PersistentFrame Addr=0x000001db82046b00, Size=2048, VehicleBlueprint_C_51 Function /Engine/Transient.REINST_VehicleBlueprint_C_40:ExecuteUbergraph_VehicleBlueprint
[2018.05.27-19.36.00:429][691]LogUObjectGlobals: Created PersistentFrame Addr=0x000001db88b37580, Size=2032, Default__VehicleBlueprint_C Function /Game/VehicleAdvBP/Blueprints/VehicleBlueprint.VehicleBlueprint_C:ExecuteUbergraph_VehicleBlueprint
[2018.05.27-19.36.00:693][691]LogUObjectGlobals: Destroyed PersistentFrame Addr=0x000001db82a09600, Size=2016
[2018.05.27-19.36.03:247][761]Cmd: OBJ SAVEPACKAGE PACKAGE="/Game/VehicleAdvBP/Blueprints/VehicleBlueprint" FILE="../../../../Jeu/DirtSim/Content/VehicleAdvBP/Blueprints/VehicleBlueprint.uasset" SILENT=true
[2018.05.27-19.36.03:483][761]LogSavePackage: Save=195.53ms
[2018.05.27-19.36.03:483][761]LogSavePackage: Moving '../../../../Jeu/DirtSim/Saved/VehicleBlueprint643E413E44BD3C0D00C9B78B53D766FE.tmp' to '../../../../Jeu/DirtSim/Content/VehicleAdvBP/Blueprints/VehicleBlueprint.uasset'
[2018.05.27-19.36.03:489][761]LogSavePackage: Display: Finished SavePackage ../../../../Jeu/DirtSim/Content/VehicleAdvBP/Blueprints/VehicleBlueprint.uasset
[2018.05.27-19.36.04:492][803]LogEditorViewport: Clicking on Actor (LMB): BP_Sky_Sphere_C (SkyShereBlueprint)
[2018.05.27-19.36.06:551][888]LogSlate: FSceneViewport::OnFocusLost() reason 0
[2018.05.27-19.36.06:596][891]LogTemp: Repeating last play command: Selected Viewport
[2018.05.27-19.36.06:620][891]LogBlueprintUserMessages: Early PlayInEditor Detection: Level '/Game/VehicleAdvBP/Maps/VehicleAdvExampleMap.VehicleAdvExampleMap:PersistentLevel' has LevelScriptBlueprint '/Game/VehicleAdvBP/Maps/VehicleAdvExampleMap.VehicleAdvExampleMap:PersistentLevel.VehicleAdvExampleMap' with GeneratedClass '/Game/VehicleAdvBP/Maps/VehicleAdvExampleMap.VehicleAdvExampleMap_C' with ClassGeneratedBy '/Game/VehicleAdvBP/Maps/VehicleAdvExampleMap.VehicleAdvExampleMap:PersistentLevel.VehicleAdvExampleMap'
[2018.05.27-19.36.06:620][891]LogPlayLevel: PlayLevel: No blueprints needed recompiling
[2018.05.27-19.36.06:620][891]PIE: New page: PIE session: VehicleAdvExampleMap (27 mai 2018 23:36:06)
[2018.05.27-19.36.06:621][891]LogPlayLevel: Creating play world package: /Game/VehicleAdvBP/Maps/UEDPIE_0_VehicleAdvExampleMap
[2018.05.27-19.36.06:638][891]LogPlayLevel: PIE: StaticDuplicateObject took: (0.017886s)
[2018.05.27-19.36.06:639][891]LogAIModule: Creating AISystem for world VehicleAdvExampleMap
[2018.05.27-19.36.06:639][891]LogPlayLevel: PIE: World Init took: (0.000684s)
[2018.05.27-19.36.06:639][891]LogPlayLevel: PIE: Created PIE world by copying editor world from /Game/VehicleAdvBP/Maps/VehicleAdvExampleMap.VehicleAdvExampleMap to /Game/VehicleAdvBP/Maps/UEDPIE_0_VehicleAdvExampleMap.VehicleAdvExampleMap (0.018768s)
[2018.05.27-19.36.06:657][891]LogUObjectGlobals: Destroyed PersistentFrame Addr=0x000001db82046b00, Size=2048
[2018.05.27-19.36.06:705][891]LogInit: XAudio2 using 'Haut-parleurs (USB PnP Sound Device)' : 2 channels at 48 kHz using 16 bits per sample (channel mask 0x3)
[2018.05.27-19.36.06:732][891]LogInit: FAudioDevice initialized.
[2018.05.27-19.36.06:833][891]LogLoad: Game class is 'VehicleAdvGameMode_C'
[2018.05.27-19.36.06:843][891]LogWorld: Bringing World /Game/VehicleAdvBP/Maps/UEDPIE_0_VehicleAdvExampleMap.VehicleAdvExampleMap up for play (max tick rate 0) at 2018.05.27-21.36.06
[2018.05.27-19.36.06:843][891]LogGameSession: Error: Player State class is invalid for game mode: VehicleAdvGameMode_C_0!
[2018.05.27-19.36.06:843][891]LogGameMode: Warning: No GameStateClass was specified in VehicleAdvGameMode_C_0 (VehicleAdvGameMode_C)
[2018.05.27-19.36.06:843][891]LogWorld: Bringing up level for play took: 0.005156
[2018.05.27-19.36.06:844][891]LogSpawn: Warning: SpawnActor failed because no class was specified
[2018.05.27-19.36.06:845][891]LogWindows: Windows GetLastError: L’opération a réussi. (0)
[2018.05.27-19.36.15:898][891]LogWindows: Error: === Critical error: ===
[2018.05.27-19.36.15:898][891]LogWindows: Error: 
[2018.05.27-19.36.15:898][891]LogWindows: Error: Assertion failed: NewPlayer->PlayerState [File:D:\Build\++UE4+Release-4.19+Compile\Sync\Engine\Source\Runtime\Engine\Private\GameSession.cpp] [Line: 235] 
[2018.05.27-19.36.15:898][891]LogWindows: Error: 
[2018.05.27-19.36.15:898][891]LogWindows: Error: 
[2018.05.27-19.36.15:898][891]LogWindows: Error: 
[2018.05.27-19.36.15:898][891]LogWindows: Error: [Callstack] 0x000000004EF5F218 KERNELBASE.dll!UnknownFunction []
[2018.05.27-19.36.15:898][891]LogWindows: Error: [Callstack] 0x0000000030FC7884 UE4Editor-ApplicationCore.dll!UnknownFunction []
[2018.05.27-19.36.15:898][891]LogWindows: Error: [Callstack] 0x00000000192F6D9B UE4Editor-Core.dll!UnknownFunction []
[2018.05.27-19.36.15:898][891]LogWindows: Error: [Callstack] 0x0000000019231949 UE4Editor-Core.dll!UnknownFunction []
[2018.05.27-19.36.15:898][891]LogWindows: Error: [Callstack] 0x00000000018E67AB UE4Editor-Engine.dll!UnknownFunction []
[2018.05.27-19.36.15:898][891]LogWindows: Error: [Callstack] 0x00000000018D5E77 UE4Editor-Engine.dll!UnknownFunction []
[2018.05.27-19.36.15:898][891]LogWindows: Error: [Callstack] 0x00000000018D9C9E UE4Editor-Engine.dll!UnknownFunction []
[2018.05.27-19.36.15:898][891]LogWindows: Error: [Callstack] 0x0000000001AF48DB UE4Editor-Engine.dll!UnknownFunction []
[2018.05.27-19.36.15:898][891]LogWindows: Error: [Callstack] 0x0000000001AF4354 UE4Editor-Engine.dll!UnknownFunction []
[2018.05.27-19.36.15:898][891]LogWindows: Error: [Callstack] 0x00000000018F42FB UE4Editor-Engine.dll!UnknownFunction []
[2018.05.27-19.36.15:898][891]LogWindows: Error: [Callstack] 0x00000000096127E0 UE4Editor-UnrealEd.dll!UnknownFunction []
[2018.05.27-19.36.15:898][891]LogWindows: Error: [Callstack] 0x0000000009631246 UE4Editor-UnrealEd.dll!UnknownFunction []
[2018.05.27-19.36.15:898][891]LogWindows: Error: [Callstack] 0x000000000964BBEF UE4Editor-UnrealEd.dll!UnknownFunction []
[2018.05.27-19.36.15:898][891]LogWindows: Error: [Callstack] 0x00000000090BC961 UE4Editor-UnrealEd.dll!UnknownFunction []
[2018.05.27-19.36.15:898][891]LogWindows: Error: [Callstack] 0x0000000009959626 UE4Editor-UnrealEd.dll!UnknownFunction []
[2018.05.27-19.36.15:898][891]LogWindows: Error: [Callstack] 0x0000000064A45EAC UE4Editor.exe!UnknownFunction []
[2018.05.27-19.36.15:898][891]LogWindows: Error: [Callstack] 0x0000000064A56BD0 UE4Editor.exe!UnknownFunction []
[2018.05.27-19.36.15:898][891]LogWindows: Error: [Callstack] 0x0000000064A56C4A UE4Editor.exe!UnknownFunction []
[2018.05.27-19.36.15:898][891]LogWindows: Error: [Callstack] 0x0000000064A64177 UE4Editor.exe!UnknownFunction []
[2018.05.27-19.36.15:898][891]LogWindows: Error: [Callstack] 0x0000000064A65B87 UE4Editor.exe!UnknownFunction []
[2018.05.27-19.36.15:898][891]LogWindows: Error: [Callstack] 0x000000004F3C3034 KERNEL32.DLL!UnknownFunction []
[2018.05.27-19.36.15:898][891]LogWindows: Error: [Callstack] 0x0000000051F91551 ntdll.dll!UnknownFunction []
[2018.05.27-19.36.15:898][891]LogWindows: Error: [Callstack] 0x0000000051F91551 ntdll.dll!UnknownFunction []
[2018.05.27-19.36.15:898][891]LogWindows: Error: 
[2018.05.27-19.36.15:911][891]LogExit: Executing StaticShutdownAfterError
[2018.05.27-19.36.15:915][891]LogWindows: FPlatformMisc::RequestExit(1)
[2018.05.27-19.36.15:916][891]Log file closed, 05/27/18 21:36:15
